[2020-09-20 19:37:09.750] [renderer1] [error] <semantic> TypeScript Server Error (4.0.2)
Debug Failure. Did not expect JsxSelfClosingElement to have an Identifier in its trivia
Error: Debug Failure. Did not expect JsxSelfClosingElement to have an Identifier in its trivia
    at addSyntheticNodes (/snap/code/44/usr/share/code/resources/app/extensions/node_modules/typescript/lib/tsserver.js:142378:30)
    at createChildren (/snap/code/44/usr/share/code/resources/app/extensions/node_modules/typescript/lib/tsserver.js:142367:9)
    at NodeObject.getChildren (/snap/code/44/usr/share/code/resources/app/extensions/node_modules/typescript/lib/tsserver.js:142311:56)
    at getTokenAtPositionWorker (/snap/code/44/usr/share/code/resources/app/extensions/node_modules/typescript/lib/tsserver.js:111638:43)
    at Object.getTokenAtPosition (/snap/code/44/usr/share/code/resources/app/extensions/node_modules/typescript/lib/tsserver.js:111630:16)
    at getInfo (/snap/code/44/usr/share/code/resources/app/extensions/node_modules/typescript/lib/tsserver.js:137968:28)
    at Object.getAvailableActions (/snap/code/44/usr/share/code/resources/app/extensions/node_modules/typescript/lib/tsserver.js:137942:28)
    at /snap/code/44/usr/share/code/resources/app/extensions/node_modules/typescript/lib/tsserver.js:130643:128
    at getIterator (/snap/code/44/usr/share/code/resources/app/extensions/node_modules/typescript/lib/tsserver.js:567:23)
    at Object.flatMapIterator (/snap/code/44/usr/share/code/resources/app/extensions/node_modules/typescript/lib/tsserver.js:550:27)
    at Object.getApplicableRefactors (/snap/code/44/usr/share/code/resources/app/extensions/node_modules/typescript/lib/tsserver.js:130642:36)
    at Proxy.getApplicableRefactors (/snap/code/44/usr/share/code/resources/app/extensions/node_modules/typescript/lib/tsserver.js:144225:32)
    at IOSession.Session.getApplicableRefactors (/snap/code/44/usr/share/code/resources/app/extensions/node_modules/typescript/lib/tsserver.js:154604:53)
    at Session.handlers.ts.Map.ts.getEntries._a.<computed> (/snap/code/44/usr/share/code/resources/app/extensions/node_modules/typescript/lib/tsserver.js:153349:61)
    at /snap/code/44/usr/share/code/resources/app/extensions/node_modules/typescript/lib/tsserver.js:154953:88
    at IOSession.Session.executeWithRequestId (/snap/code/44/usr/share/code/resources/app/extensions/node_modules/typescript/lib/tsserver.js:154944:28)
    at IOSession.Session.executeCommand (/snap/code/44/usr/share/code/resources/app/extensions/node_modules/typescript/lib/tsserver.js:154953:33)
    at IOSession.Session.onMessage (/snap/code/44/usr/share/code/resources/app/extensions/node_modules/typescript/lib/tsserver.js:154977:35)
    at Interface.<anonymous> (/snap/code/44/usr/share/code/resources/app/extensions/node_modules/typescript/lib/tsserver.js:157193:27)
    at Interface.emit (events.js:223:5)
    at Interface._onLine (readline.js:315:10)
    at Interface._normalWrite (readline.js:460:12)
    at Socket.ondata (readline.js:172:10)
    at Socket.emit (events.js:223:5)
    at addChunk (_stream_readable.js:309:12)
    at readableAddChunk (_stream_readable.js:290:11)
    at Socket.Readable.push (_stream_readable.js:224:10)
    at Pipe.onStreamRead (internal/stream_base_commons.js:181:23): Error: <semantic> TypeScript Server Error (4.0.2)
Debug Failure. Did not expect JsxSelfClosingElement to have an Identifier in its trivia
Error: Debug Failure. Did not expect JsxSelfClosingElement to have an Identifier in its trivia
    at addSyntheticNodes (/snap/code/44/usr/share/code/resources/app/extensions/node_modules/typescript/lib/tsserver.js:142378:30)
    at createChildren (/snap/code/44/usr/share/code/resources/app/extensions/node_modules/typescript/lib/tsserver.js:142367:9)
    at NodeObject.getChildren (/snap/code/44/usr/share/code/resources/app/extensions/node_modules/typescript/lib/tsserver.js:142311:56)
    at getTokenAtPositionWorker (/snap/code/44/usr/share/code/resources/app/extensions/node_modules/typescript/lib/tsserver.js:111638:43)
    at Object.getTokenAtPosition (/snap/code/44/usr/share/code/resources/app/extensions/node_modules/typescript/lib/tsserver.js:111630:16)
    at getInfo (/snap/code/44/usr/share/code/resources/app/extensions/node_modules/typescript/lib/tsserver.js:137968:28)
    at Object.getAvailableActions (/snap/code/44/usr/share/code/resources/app/extensions/node_modules/typescript/lib/tsserver.js:137942:28)
    at /snap/code/44/usr/share/code/resources/app/extensions/node_modules/typescript/lib/tsserver.js:130643:128
    at getIterator (/snap/code/44/usr/share/code/resources/app/extensions/node_modules/typescript/lib/tsserver.js:567:23)
    at Object.flatMapIterator (/snap/code/44/usr/share/code/resources/app/extensions/node_modules/typescript/lib/tsserver.js:550:27)
    at Object.getApplicableRefactors (/snap/code/44/usr/share/code/resources/app/extensions/node_modules/typescript/lib/tsserver.js:130642:36)
    at Proxy.getApplicableRefactors (/snap/code/44/usr/share/code/resources/app/extensions/node_modules/typescript/lib/tsserver.js:144225:32)
    at IOSession.Session.getApplicableRefactors (/snap/code/44/usr/share/code/resources/app/extensions/node_modules/typescript/lib/tsserver.js:154604:53)
    at Session.handlers.ts.Map.ts.getEntries._a.<computed> (/snap/code/44/usr/share/code/resources/app/extensions/node_modules/typescript/lib/tsserver.js:153349:61)
    at /snap/code/44/usr/share/code/resources/app/extensions/node_modules/typescript/lib/tsserver.js:154953:88
    at IOSession.Session.executeWithRequestId (/snap/code/44/usr/share/code/resources/app/extensions/node_modules/typescript/lib/tsserver.js:154944:28)
    at IOSession.Session.executeCommand (/snap/code/44/usr/share/code/resources/app/extensions/node_modules/typescript/lib/tsserver.js:154953:33)
    at IOSession.Session.onMessage (/snap/code/44/usr/share/code/resources/app/extensions/node_modules/typescript/lib/tsserver.js:154977:35)
    at Interface.<anonymous> (/snap/code/44/usr/share/code/resources/app/extensions/node_modules/typescript/lib/tsserver.js:157193:27)
    at Interface.emit (events.js:223:5)
    at Interface._onLine (readline.js:315:10)
    at Interface._normalWrite (readline.js:460:12)
    at Socket.ondata (readline.js:172:10)
    at Socket.emit (events.js:223:5)
    at addChunk (_stream_readable.js:309:12)
    at readableAddChunk (_stream_readable.js:290:11)
    at Socket.Readable.push (_stream_readable.js:224:10)
    at Pipe.onStreamRead (internal/stream_base_commons.js:181:23)
	at Function.create (/snap/code/44/usr/share/code/resources/app/extensions/typescript-language-features/dist/extension.js:1:76465)
	at h.dispatchResponse (/snap/code/44/usr/share/code/resources/app/extensions/typescript-language-features/dist/extension.js:1:70340)
	at h.dispatchMessage (/snap/code/44/usr/share/code/resources/app/extensions/typescript-language-features/dist/extension.js:1:69199)
	at /snap/code/44/usr/share/code/resources/app/extensions/typescript-language-features/dist/extension.js:1:68709
	at l.fire (/snap/code/44/usr/share/code/resources/app/out/vs/workbench/services/extensions/node/extensionHostProcess.js:46:475)
	at g.onLengthData (/snap/code/44/usr/share/code/resources/app/extensions/typescript-language-features/dist/extension.js:45:60018)
	at Socket.<anonymous> (/snap/code/44/usr/share/code/resources/app/extensions/typescript-language-features/dist/extension.js:45:59666)
	at Socket.emit (events.js:223:5)
	at addChunk (_stream_readable.js:309:12)
	at readableAddChunk (_stream_readable.js:290:11)
	at Socket.Readable.push (_stream_readable.js:224:10)
	at Pipe.onStreamRead (internal/stream_base_commons.js:181:23)
[2020-09-20 19:37:10.159] [renderer1] [error] <semantic> TypeScript Server Error (4.0.2)
Debug Failure. Did not expect JsxSelfClosingElement to have an Identifier in its trivia
Error: Debug Failure. Did not expect JsxSelfClosingElement to have an Identifier in its trivia
    at addSyntheticNodes (/snap/code/44/usr/share/code/resources/app/extensions/node_modules/typescript/lib/tsserver.js:142378:30)
    at createChildren (/snap/code/44/usr/share/code/resources/app/extensions/node_modules/typescript/lib/tsserver.js:142367:9)
    at NodeObject.getChildren (/snap/code/44/usr/share/code/resources/app/extensions/node_modules/typescript/lib/tsserver.js:142311:56)
    at find (/snap/code/44/usr/share/code/resources/app/extensions/node_modules/typescript/lib/tsserver.js:111708:30)
    at find (/snap/code/44/usr/share/code/resources/app/extensions/node_modules/typescript/lib/tsserver.js:111728:32)
    at find (/snap/code/44/usr/share/code/resources/app/extensions/node_modules/typescript/lib/tsserver.js:111728:32)
    at find (/snap/code/44/usr/share/code/resources/app/extensions/node_modules/typescript/lib/tsserver.js:111728:32)
    at find (/snap/code/44/usr/share/code/resources/app/extensions/node_modules/typescript/lib/tsserver.js:111728:32)
    at find (/snap/code/44/usr/share/code/resources/app/extensions/node_modules/typescript/lib/tsserver.js:111728:32)
    at find (/snap/code/44/usr/share/code/resources/app/extensions/node_modules/typescript/lib/tsserver.js:111728:32)
    at find (/snap/code/44/usr/share/code/resources/app/extensions/node_modules/typescript/lib/tsserver.js:111728:32)
    at find (/snap/code/44/usr/share/code/resources/app/extensions/node_modules/typescript/lib/tsserver.js:111728:32)
    at find (/snap/code/44/usr/share/code/resources/app/extensions/node_modules/typescript/lib/tsserver.js:111728:32)
    at find (/snap/code/44/usr/share/code/resources/app/extensions/node_modules/typescript/lib/tsserver.js:111728:32)
    at find (/snap/code/44/usr/share/code/resources/app/extensions/node_modules/typescript/lib/tsserver.js:111728:32)
    at find (/snap/code/44/usr/share/code/resources/app/extensions/node_modules/typescript/lib/tsserver.js:111728:32)
    at find (/snap/code/44/usr/share/code/resources/app/extensions/node_modules/typescript/lib/tsserver.js:111728:32)
    at Object.findPrecedingToken (/snap/code/44/usr/share/code/resources/app/extensions/node_modules/typescript/lib/tsserver.js:111701:22)
    at Object.getCompletionsAtPosition (/snap/code/44/usr/share/code/resources/app/extensions/node_modules/typescript/lib/tsserver.js:115117:35)
    at Proxy.getCompletionsAtPosition (/snap/code/44/usr/share/code/resources/app/extensions/node_modules/typescript/lib/tsserver.js:143481:35)
    at IOSession.Session.getCompletions (/snap/code/44/usr/share/code/resources/app/extensions/node_modules/typescript/lib/tsserver.js:154320:64)
    at Session.handlers.ts.Map.ts.getEntries._a.<computed> (/snap/code/44/usr/share/code/resources/app/extensions/node_modules/typescript/lib/tsserver.js:153204:61)
    at /snap/code/44/usr/share/code/resources/app/extensions/node_modules/typescript/lib/tsserver.js:154953:88
    at IOSession.Session.executeWithRequestId (/snap/code/44/usr/share/code/resources/app/extensions/node_modules/typescript/lib/tsserver.js:154944:28)
    at IOSession.Session.executeCommand (/snap/code/44/usr/share/code/resources/app/extensions/node_modules/typescript/lib/tsserver.js:154953:33)
    at IOSession.Session.onMessage (/snap/code/44/usr/share/code/resources/app/extensions/node_modules/typescript/lib/tsserver.js:154977:35)
    at Interface.<anonymous> (/snap/code/44/usr/share/code/resources/app/extensions/node_modules/typescript/lib/tsserver.js:157193:27)
    at Interface.emit (events.js:223:5)
    at Interface._onLine (readline.js:315:10)
    at Interface._normalWrite (readline.js:460:12)
    at Socket.ondata (readline.js:172:10)
    at Socket.emit (events.js:223:5)
    at addChunk (_stream_readable.js:309:12)
    at readableAddChunk (_stream_readable.js:290:11)
    at Socket.Readable.push (_stream_readable.js:224:10)
    at Pipe.onStreamRead (internal/stream_base_commons.js:181:23): Error: <semantic> TypeScript Server Error (4.0.2)
Debug Failure. Did not expect JsxSelfClosingElement to have an Identifier in its trivia
Error: Debug Failure. Did not expect JsxSelfClosingElement to have an Identifier in its trivia
    at addSyntheticNodes (/snap/code/44/usr/share/code/resources/app/extensions/node_modules/typescript/lib/tsserver.js:142378:30)
    at createChildren (/snap/code/44/usr/share/code/resources/app/extensions/node_modules/typescript/lib/tsserver.js:142367:9)
    at NodeObject.getChildren (/snap/code/44/usr/share/code/resources/app/extensions/node_modules/typescript/lib/tsserver.js:142311:56)
    at find (/snap/code/44/usr/share/code/resources/app/extensions/node_modules/typescript/lib/tsserver.js:111708:30)
    at find (/snap/code/44/usr/share/code/resources/app/extensions/node_modules/typescript/lib/tsserver.js:111728:32)
    at find (/snap/code/44/usr/share/code/resources/app/extensions/node_modules/typescript/lib/tsserver.js:111728:32)
    at find (/snap/code/44/usr/share/code/resources/app/extensions/node_modules/typescript/lib/tsserver.js:111728:32)
    at find (/snap/code/44/usr/share/code/resources/app/extensions/node_modules/typescript/lib/tsserver.js:111728:32)
    at find (/snap/code/44/usr/share/code/resources/app/extensions/node_modules/typescript/lib/tsserver.js:111728:32)
    at find (/snap/code/44/usr/share/code/resources/app/extensions/node_modules/typescript/lib/tsserver.js:111728:32)
    at find (/snap/code/44/usr/share/code/resources/app/extensions/node_modules/typescript/lib/tsserver.js:111728:32)
    at find (/snap/code/44/usr/share/code/resources/app/extensions/node_modules/typescript/lib/tsserver.js:111728:32)
    at find (/snap/code/44/usr/share/code/resources/app/extensions/node_modules/typescript/lib/tsserver.js:111728:32)
    at find (/snap/code/44/usr/share/code/resources/app/extensions/node_modules/typescript/lib/tsserver.js:111728:32)
    at find (/snap/code/44/usr/share/code/resources/app/extensions/node_modules/typescript/lib/tsserver.js:111728:32)
    at find (/snap/code/44/usr/share/code/resources/app/extensions/node_modules/typescript/lib/tsserver.js:111728:32)
    at find (/snap/code/44/usr/share/code/resources/app/extensions/node_modules/typescript/lib/tsserver.js:111728:32)
    at Object.findPrecedingToken (/snap/code/44/usr/share/code/resources/app/extensions/node_modules/typescript/lib/tsserver.js:111701:22)
    at Object.getCompletionsAtPosition (/snap/code/44/usr/share/code/resources/app/extensions/node_modules/typescript/lib/tsserver.js:115117:35)
    at Proxy.getCompletionsAtPosition (/snap/code/44/usr/share/code/resources/app/extensions/node_modules/typescript/lib/tsserver.js:143481:35)
    at IOSession.Session.getCompletions (/snap/code/44/usr/share/code/resources/app/extensions/node_modules/typescript/lib/tsserver.js:154320:64)
    at Session.handlers.ts.Map.ts.getEntries._a.<computed> (/snap/code/44/usr/share/code/resources/app/extensions/node_modules/typescript/lib/tsserver.js:153204:61)
    at /snap/code/44/usr/share/code/resources/app/extensions/node_modules/typescript/lib/tsserver.js:154953:88
    at IOSession.Session.executeWithRequestId (/snap/code/44/usr/share/code/resources/app/extensions/node_modules/typescript/lib/tsserver.js:154944:28)
    at IOSession.Session.executeCommand (/snap/code/44/usr/share/code/resources/app/extensions/node_modules/typescript/lib/tsserver.js:154953:33)
    at IOSession.Session.onMessage (/snap/code/44/usr/share/code/resources/app/extensions/node_modules/typescript/lib/tsserver.js:154977:35)
    at Interface.<anonymous> (/snap/code/44/usr/share/code/resources/app/extensions/node_modules/typescript/lib/tsserver.js:157193:27)
    at Interface.emit (events.js:223:5)
    at Interface._onLine (readline.js:315:10)
    at Interface._normalWrite (readline.js:460:12)
    at Socket.ondata (readline.js:172:10)
    at Socket.emit (events.js:223:5)
    at addChunk (_stream_readable.js:309:12)
    at readableAddChunk (_stream_readable.js:290:11)
    at Socket.Readable.push (_stream_readable.js:224:10)
    at Pipe.onStreamRead (internal/stream_base_commons.js:181:23)
	at Function.create (/snap/code/44/usr/share/code/resources/app/extensions/typescript-language-features/dist/extension.js:1:76465)
	at h.dispatchResponse (/snap/code/44/usr/share/code/resources/app/extensions/typescript-language-features/dist/extension.js:1:70340)
	at h.dispatchMessage (/snap/code/44/usr/share/code/resources/app/extensions/typescript-language-features/dist/extension.js:1:69199)
	at /snap/code/44/usr/share/code/resources/app/extensions/typescript-language-features/dist/extension.js:1:68709
	at l.fire (/snap/code/44/usr/share/code/resources/app/out/vs/workbench/services/extensions/node/extensionHostProcess.js:46:475)
	at g.onLengthData (/snap/code/44/usr/share/code/resources/app/extensions/typescript-language-features/dist/extension.js:45:60018)
	at Socket.<anonymous> (/snap/code/44/usr/share/code/resources/app/extensions/typescript-language-features/dist/extension.js:45:59666)
	at Socket.emit (events.js:223:5)
	at addChunk (_stream_readable.js:309:12)
	at readableAddChunk (_stream_readable.js:290:11)
	at Socket.Readable.push (_stream_readable.js:224:10)
	at Pipe.onStreamRead (internal/stream_base_commons.js:181:23)
[2020-09-20 19:37:11.099] [renderer1] [error] <semantic> TypeScript Server Error (4.0.2)
Debug Failure. Did not expect JsxSelfClosingElement to have an Identifier in its trivia
Error: Debug Failure. Did not expect JsxSelfClosingElement to have an Identifier in its trivia
    at addSyntheticNodes (/snap/code/44/usr/share/code/resources/app/extensions/node_modules/typescript/lib/tsserver.js:142378:30)
    at createChildren (/snap/code/44/usr/share/code/resources/app/extensions/node_modules/typescript/lib/tsserver.js:142367:9)
    at NodeObject.getChildren (/snap/code/44/usr/share/code/resources/app/extensions/node_modules/typescript/lib/tsserver.js:142311:56)
    at getTokenAtPositionWorker (/snap/code/44/usr/share/code/resources/app/extensions/node_modules/typescript/lib/tsserver.js:111638:43)
    at Object.getTokenAtPosition (/snap/code/44/usr/share/code/resources/app/extensions/node_modules/typescript/lib/tsserver.js:111630:16)
    at getInfo (/snap/code/44/usr/share/code/resources/app/extensions/node_modules/typescript/lib/tsserver.js:137968:28)
    at Object.getAvailableActions (/snap/code/44/usr/share/code/resources/app/extensions/node_modules/typescript/lib/tsserver.js:137942:28)
    at /snap/code/44/usr/share/code/resources/app/extensions/node_modules/typescript/lib/tsserver.js:130643:128
    at getIterator (/snap/code/44/usr/share/code/resources/app/extensions/node_modules/typescript/lib/tsserver.js:567:23)
    at Object.flatMapIterator (/snap/code/44/usr/share/code/resources/app/extensions/node_modules/typescript/lib/tsserver.js:550:27)
    at Object.getApplicableRefactors (/snap/code/44/usr/share/code/resources/app/extensions/node_modules/typescript/lib/tsserver.js:130642:36)
    at Proxy.getApplicableRefactors (/snap/code/44/usr/share/code/resources/app/extensions/node_modules/typescript/lib/tsserver.js:144225:32)
    at IOSession.Session.getApplicableRefactors (/snap/code/44/usr/share/code/resources/app/extensions/node_modules/typescript/lib/tsserver.js:154604:53)
    at Session.handlers.ts.Map.ts.getEntries._a.<computed> (/snap/code/44/usr/share/code/resources/app/extensions/node_modules/typescript/lib/tsserver.js:153349:61)
    at /snap/code/44/usr/share/code/resources/app/extensions/node_modules/typescript/lib/tsserver.js:154953:88
    at IOSession.Session.executeWithRequestId (/snap/code/44/usr/share/code/resources/app/extensions/node_modules/typescript/lib/tsserver.js:154944:28)
    at IOSession.Session.executeCommand (/snap/code/44/usr/share/code/resources/app/extensions/node_modules/typescript/lib/tsserver.js:154953:33)
    at IOSession.Session.onMessage (/snap/code/44/usr/share/code/resources/app/extensions/node_modules/typescript/lib/tsserver.js:154977:35)
    at Interface.<anonymous> (/snap/code/44/usr/share/code/resources/app/extensions/node_modules/typescript/lib/tsserver.js:157193:27)
    at Interface.emit (events.js:223:5)
    at Interface._onLine (readline.js:315:10)
    at Interface._normalWrite (readline.js:460:12)
    at Socket.ondata (readline.js:172:10)
    at Socket.emit (events.js:223:5)
    at addChunk (_stream_readable.js:309:12)
    at readableAddChunk (_stream_readable.js:290:11)
    at Socket.Readable.push (_stream_readable.js:224:10)
    at Pipe.onStreamRead (internal/stream_base_commons.js:181:23): Error: <semantic> TypeScript Server Error (4.0.2)
Debug Failure. Did not expect JsxSelfClosingElement to have an Identifier in its trivia
Error: Debug Failure. Did not expect JsxSelfClosingElement to have an Identifier in its trivia
    at addSyntheticNodes (/snap/code/44/usr/share/code/resources/app/extensions/node_modules/typescript/lib/tsserver.js:142378:30)
    at createChildren (/snap/code/44/usr/share/code/resources/app/extensions/node_modules/typescript/lib/tsserver.js:142367:9)
    at NodeObject.getChildren (/snap/code/44/usr/share/code/resources/app/extensions/node_modules/typescript/lib/tsserver.js:142311:56)
    at getTokenAtPositionWorker (/snap/code/44/usr/share/code/resources/app/extensions/node_modules/typescript/lib/tsserver.js:111638:43)
    at Object.getTokenAtPosition (/snap/code/44/usr/share/code/resources/app/extensions/node_modules/typescript/lib/tsserver.js:111630:16)
    at getInfo (/snap/code/44/usr/share/code/resources/app/extensions/node_modules/typescript/lib/tsserver.js:137968:28)
    at Object.getAvailableActions (/snap/code/44/usr/share/code/resources/app/extensions/node_modules/typescript/lib/tsserver.js:137942:28)
    at /snap/code/44/usr/share/code/resources/app/extensions/node_modules/typescript/lib/tsserver.js:130643:128
    at getIterator (/snap/code/44/usr/share/code/resources/app/extensions/node_modules/typescript/lib/tsserver.js:567:23)
    at Object.flatMapIterator (/snap/code/44/usr/share/code/resources/app/extensions/node_modules/typescript/lib/tsserver.js:550:27)
    at Object.getApplicableRefactors (/snap/code/44/usr/share/code/resources/app/extensions/node_modules/typescript/lib/tsserver.js:130642:36)
    at Proxy.getApplicableRefactors (/snap/code/44/usr/share/code/resources/app/extensions/node_modules/typescript/lib/tsserver.js:144225:32)
    at IOSession.Session.getApplicableRefactors (/snap/code/44/usr/share/code/resources/app/extensions/node_modules/typescript/lib/tsserver.js:154604:53)
    at Session.handlers.ts.Map.ts.getEntries._a.<computed> (/snap/code/44/usr/share/code/resources/app/extensions/node_modules/typescript/lib/tsserver.js:153349:61)
    at /snap/code/44/usr/share/code/resources/app/extensions/node_modules/typescript/lib/tsserver.js:154953:88
    at IOSession.Session.executeWithRequestId (/snap/code/44/usr/share/code/resources/app/extensions/node_modules/typescript/lib/tsserver.js:154944:28)
    at IOSession.Session.executeCommand (/snap/code/44/usr/share/code/resources/app/extensions/node_modules/typescript/lib/tsserver.js:154953:33)
    at IOSession.Session.onMessage (/snap/code/44/usr/share/code/resources/app/extensions/node_modules/typescript/lib/tsserver.js:154977:35)
    at Interface.<anonymous> (/snap/code/44/usr/share/code/resources/app/extensions/node_modules/typescript/lib/tsserver.js:157193:27)
    at Interface.emit (events.js:223:5)
    at Interface._onLine (readline.js:315:10)
    at Interface._normalWrite (readline.js:460:12)
    at Socket.ondata (readline.js:172:10)
    at Socket.emit (events.js:223:5)
    at addChunk (_stream_readable.js:309:12)
    at readableAddChunk (_stream_readable.js:290:11)
    at Socket.Readable.push (_stream_readable.js:224:10)
    at Pipe.onStreamRead (internal/stream_base_commons.js:181:23)
	at Function.create (/snap/code/44/usr/share/code/resources/app/extensions/typescript-language-features/dist/extension.js:1:76465)
	at h.dispatchResponse (/snap/code/44/usr/share/code/resources/app/extensions/typescript-language-features/dist/extension.js:1:70340)
	at h.dispatchMessage (/snap/code/44/usr/share/code/resources/app/extensions/typescript-language-features/dist/extension.js:1:69199)
	at /snap/code/44/usr/share/code/resources/app/extensions/typescript-language-features/dist/extension.js:1:68709
	at l.fire (/snap/code/44/usr/share/code/resources/app/out/vs/workbench/services/extensions/node/extensionHostProcess.js:46:475)
	at g.onLengthData (/snap/code/44/usr/share/code/resources/app/extensions/typescript-language-features/dist/extension.js:45:60018)
	at Socket.<anonymous> (/snap/code/44/usr/share/code/resources/app/extensions/typescript-language-features/dist/extension.js:45:59666)
	at Socket.emit (events.js:223:5)
	at addChunk (_stream_readable.js:309:12)
	at readableAddChunk (_stream_readable.js:290:11)
	at Socket.Readable.push (_stream_readable.js:224:10)
	at Pipe.onStreamRead (internal/stream_base_commons.js:181:23)
[2020-09-20 19:37:11.478] [renderer1] [error] <semantic> TypeScript Server Error (4.0.2)
Debug Failure. Did not expect JsxSelfClosingElement to have an Identifier in its trivia
Error: Debug Failure. Did not expect JsxSelfClosingElement to have an Identifier in its trivia
    at addSyntheticNodes (/snap/code/44/usr/share/code/resources/app/extensions/node_modules/typescript/lib/tsserver.js:142378:30)
    at createChildren (/snap/code/44/usr/share/code/resources/app/extensions/node_modules/typescript/lib/tsserver.js:142367:9)
    at NodeObject.getChildren (/snap/code/44/usr/share/code/resources/app/extensions/node_modules/typescript/lib/tsserver.js:142311:56)
    at getTokenAtPositionWorker (/snap/code/44/usr/share/code/resources/app/extensions/node_modules/typescript/lib/tsserver.js:111638:43)
    at Object.getTokenAtPosition (/snap/code/44/usr/share/code/resources/app/extensions/node_modules/typescript/lib/tsserver.js:111630:16)
    at makeChange (/snap/code/44/usr/share/code/resources/app/extensions/node_modules/typescript/lib/tsserver.js:131066:28)
    at /snap/code/44/usr/share/code/resources/app/extensions/node_modules/typescript/lib/tsserver.js:131054:96
    at Function.ChangeTracker.with (/snap/code/44/usr/share/code/resources/app/extensions/node_modules/typescript/lib/tsserver.js:129418:17)
    at Object.getCodeActions (/snap/code/44/usr/share/code/resources/app/extensions/node_modules/typescript/lib/tsserver.js:131054:64)
    at /snap/code/44/usr/share/code/resources/app/extensions/node_modules/typescript/lib/tsserver.js:130591:77
    at Object.flatMap (/snap/code/44/usr/share/code/resources/app/extensions/node_modules/typescript/lib/tsserver.js:513:25)
    at Object.getFixes (/snap/code/44/usr/share/code/resources/app/extensions/node_modules/typescript/lib/tsserver.js:130591:23)
    at /snap/code/44/usr/share/code/resources/app/extensions/node_modules/typescript/lib/tsserver.js:143788:35
    at Object.flatMap (/snap/code/44/usr/share/code/resources/app/extensions/node_modules/typescript/lib/tsserver.js:513:25)
    at Proxy.getCodeFixesAtPosition (/snap/code/44/usr/share/code/resources/app/extensions/node_modules/typescript/lib/tsserver.js:143786:23)
    at IOSession.Session.getCodeFixes (/snap/code/44/usr/share/code/resources/app/extensions/node_modules/typescript/lib/tsserver.js:154654:64)
    at Session.handlers.ts.Map.ts.getEntries._a.<computed> (/snap/code/44/usr/share/code/resources/app/extensions/node_modules/typescript/lib/tsserver.js:153331:61)
    at /snap/code/44/usr/share/code/resources/app/extensions/node_modules/typescript/lib/tsserver.js:154953:88
    at IOSession.Session.executeWithRequestId (/snap/code/44/usr/share/code/resources/app/extensions/node_modules/typescript/lib/tsserver.js:154944:28)
    at IOSession.Session.executeCommand (/snap/code/44/usr/share/code/resources/app/extensions/node_modules/typescript/lib/tsserver.js:154953:33)
    at IOSession.Session.onMessage (/snap/code/44/usr/share/code/resources/app/extensions/node_modules/typescript/lib/tsserver.js:154977:35)
    at Interface.<anonymous> (/snap/code/44/usr/share/code/resources/app/extensions/node_modules/typescript/lib/tsserver.js:157193:27)
    at Interface.emit (events.js:223:5)
    at Interface._onLine (readline.js:315:10)
    at Interface._normalWrite (readline.js:460:12)
    at Socket.ondata (readline.js:172:10)
    at Socket.emit (events.js:223:5)
    at addChunk (_stream_readable.js:309:12)
    at readableAddChunk (_stream_readable.js:290:11)
    at Socket.Readable.push (_stream_readable.js:224:10)
    at Pipe.onStreamRead (internal/stream_base_commons.js:181:23): Error: <semantic> TypeScript Server Error (4.0.2)
Debug Failure. Did not expect JsxSelfClosingElement to have an Identifier in its trivia
Error: Debug Failure. Did not expect JsxSelfClosingElement to have an Identifier in its trivia
    at addSyntheticNodes (/snap/code/44/usr/share/code/resources/app/extensions/node_modules/typescript/lib/tsserver.js:142378:30)
    at createChildren (/snap/code/44/usr/share/code/resources/app/extensions/node_modules/typescript/lib/tsserver.js:142367:9)
    at NodeObject.getChildren (/snap/code/44/usr/share/code/resources/app/extensions/node_modules/typescript/lib/tsserver.js:142311:56)
    at getTokenAtPositionWorker (/snap/code/44/usr/share/code/resources/app/extensions/node_modules/typescript/lib/tsserver.js:111638:43)
    at Object.getTokenAtPosition (/snap/code/44/usr/share/code/resources/app/extensions/node_modules/typescript/lib/tsserver.js:111630:16)
    at makeChange (/snap/code/44/usr/share/code/resources/app/extensions/node_modules/typescript/lib/tsserver.js:131066:28)
    at /snap/code/44/usr/share/code/resources/app/extensions/node_modules/typescript/lib/tsserver.js:131054:96
    at Function.ChangeTracker.with (/snap/code/44/usr/share/code/resources/app/extensions/node_modules/typescript/lib/tsserver.js:129418:17)
    at Object.getCodeActions (/snap/code/44/usr/share/code/resources/app/extensions/node_modules/typescript/lib/tsserver.js:131054:64)
    at /snap/code/44/usr/share/code/resources/app/extensions/node_modules/typescript/lib/tsserver.js:130591:77
    at Object.flatMap (/snap/code/44/usr/share/code/resources/app/extensions/node_modules/typescript/lib/tsserver.js:513:25)
    at Object.getFixes (/snap/code/44/usr/share/code/resources/app/extensions/node_modules/typescript/lib/tsserver.js:130591:23)
    at /snap/code/44/usr/share/code/resources/app/extensions/node_modules/typescript/lib/tsserver.js:143788:35
    at Object.flatMap (/snap/code/44/usr/share/code/resources/app/extensions/node_modules/typescript/lib/tsserver.js:513:25)
    at Proxy.getCodeFixesAtPosition (/snap/code/44/usr/share/code/resources/app/extensions/node_modules/typescript/lib/tsserver.js:143786:23)
    at IOSession.Session.getCodeFixes (/snap/code/44/usr/share/code/resources/app/extensions/node_modules/typescript/lib/tsserver.js:154654:64)
    at Session.handlers.ts.Map.ts.getEntries._a.<computed> (/snap/code/44/usr/share/code/resources/app/extensions/node_modules/typescript/lib/tsserver.js:153331:61)
    at /snap/code/44/usr/share/code/resources/app/extensions/node_modules/typescript/lib/tsserver.js:154953:88
    at IOSession.Session.executeWithRequestId (/snap/code/44/usr/share/code/resources/app/extensions/node_modules/typescript/lib/tsserver.js:154944:28)
    at IOSession.Session.executeCommand (/snap/code/44/usr/share/code/resources/app/extensions/node_modules/typescript/lib/tsserver.js:154953:33)
    at IOSession.Session.onMessage (/snap/code/44/usr/share/code/resources/app/extensions/node_modules/typescript/lib/tsserver.js:154977:35)
    at Interface.<anonymous> (/snap/code/44/usr/share/code/resources/app/extensions/node_modules/typescript/lib/tsserver.js:157193:27)
    at Interface.emit (events.js:223:5)
    at Interface._onLine (readline.js:315:10)
    at Interface._normalWrite (readline.js:460:12)
    at Socket.ondata (readline.js:172:10)
    at Socket.emit (events.js:223:5)
    at addChunk (_stream_readable.js:309:12)
    at readableAddChunk (_stream_readable.js:290:11)
    at Socket.Readable.push (_stream_readable.js:224:10)
    at Pipe.onStreamRead (internal/stream_base_commons.js:181:23)
	at Function.create (/snap/code/44/usr/share/code/resources/app/extensions/typescript-language-features/dist/extension.js:1:76465)
	at h.dispatchResponse (/snap/code/44/usr/share/code/resources/app/extensions/typescript-language-features/dist/extension.js:1:70340)
	at h.dispatchMessage (/snap/code/44/usr/share/code/resources/app/extensions/typescript-language-features/dist/extension.js:1:69199)
	at /snap/code/44/usr/share/code/resources/app/extensions/typescript-language-features/dist/extension.js:1:68709
	at l.fire (/snap/code/44/usr/share/code/resources/app/out/vs/workbench/services/extensions/node/extensionHostProcess.js:46:475)
	at g.onLengthData (/snap/code/44/usr/share/code/resources/app/extensions/typescript-language-features/dist/extension.js:45:60018)
	at Socket.<anonymous> (/snap/code/44/usr/share/code/resources/app/extensions/typescript-language-features/dist/extension.js:45:59666)
	at Socket.emit (events.js:223:5)
	at addChunk (_stream_readable.js:309:12)
	at readableAddChunk (_stream_readable.js:290:11)
	at Socket.Readable.push (_stream_readable.js:224:10)
	at Pipe.onStreamRead (internal/stream_base_commons.js:181:23)
